<?xml version="1.0" encoding="UTF-8"?>
<testsuite xmlns:xsi="http://www.w3.org/2001/XMLSchema-instance" xsi:noNamespaceSchemaLocation="https://maven.apache.org/surefire/maven-surefire-plugin/xsd/surefire-test-report-3.0.xsd" version="3.0" name="sia.knights.KnightXMLInjectionTest" time="0.132" tests="1" errors="0" skipped="0" failures="0">
  <properties>
[...]
</properties>
  <testcase name="shouldInjectKnightWithSlayDragonQuest" classname="sia.knights.KnightXMLInjectionTest" time="0.001">
    <system-err><![CDATA[Mar 18, 2025 6:55:55 PM org.springframework.test.context.support.AbstractContextLoader generateDefaultLocations
INFO: Detected default resource location "classpath:sia/knights/KnightXMLInjectionTest-context.xml" for test class [sia.knights.KnightXMLInjectionTest]
Mar 18, 2025 6:55:55 PM org.springframework.test.context.support.AbstractDelegatingSmartContextLoader processContextConfiguration
INFO: GenericXmlContextLoader detected default locations for context configuration [ContextConfigurationAttributes@3e08ff24 declaringClass = 'sia.knights.KnightXMLInjectionTest', classes = '{}', locations = '{classpath:sia/knights/KnightXMLInjectionTest-context.xml}', inheritLocations = true, initializers = '{}', inheritInitializers = true, name = [null], contextLoaderClass = 'org.springframework.test.context.ContextLoader'].
Mar 18, 2025 6:55:55 PM org.springframework.test.context.support.AnnotationConfigContextLoaderUtils detectDefaultConfigurationClasses
INFO: Could not detect default configuration classes for test class [sia.knights.KnightXMLInjectionTest]: KnightXMLInjectionTest does not declare any static, non-private, non-final, nested classes annotated with @Configuration.
Mar 18, 2025 6:55:55 PM org.springframework.test.context.support.AbstractTestContextBootstrapper getDefaultTestExecutionListenerClassNames
INFO: Loaded default TestExecutionListener class names from location [META-INF/spring.factories]: [org.springframework.test.context.web.ServletTestExecutionListener, org.springframework.test.context.support.DirtiesContextBeforeModesTestExecutionListener, org.springframework.test.context.event.ApplicationEventsTestExecutionListener, org.springframework.test.context.support.DependencyInjectionTestExecutionListener, org.springframework.test.context.support.DirtiesContextTestExecutionListener, org.springframework.test.context.transaction.TransactionalTestExecutionListener, org.springframework.test.context.jdbc.SqlScriptsTestExecutionListener, org.springframework.test.context.event.EventPublishingTestExecutionListener]
Mar 18, 2025 6:55:55 PM org.springframework.test.context.support.AbstractTestContextBootstrapper getTestExecutionListeners
INFO: Using TestExecutionListeners: [org.springframework.test.context.support.DirtiesContextBeforeModesTestExecutionListener@70ed52de, org.springframework.test.context.event.ApplicationEventsTestExecutionListener@496bc455, org.springframework.test.context.support.DependencyInjectionTestExecutionListener@59402b8f, org.springframework.test.context.support.DirtiesContextTestExecutionListener@7188af83, org.springframework.test.context.transaction.TransactionalTestExecutionListener@6be968ce, org.springframework.test.context.jdbc.SqlScriptsTestExecutionListener@7c37508a, org.springframework.test.context.event.EventPublishingTestExecutionListener@247310d0]
]]></system-err>
  </testcase>
</testsuite>