<?xml version="1.0" encoding="UTF-8"?>
<testsuite xmlns:xsi="http://www.w3.org/2001/XMLSchema-instance" xsi:noNamespaceSchemaLocation="https://maven.apache.org/surefire/maven-surefire-plugin/xsd/surefire-test-report-3.0.xsd" version="3.0" name="sia.knights.KnightXMLInjectionTest" time="0.143" tests="1" errors="0" skipped="0" failures="0">
  <properties>
[...]
</properties>
  <testcase name="shouldInjectKnightWithSlayDragonQuest" classname="sia.knights.KnightXMLInjectionTest" time="0.002">
    <system-err><![CDATA[Mar 05, 2025 6:36:26 PM org.springframework.test.context.support.AbstractContextLoader generateDefaultLocations
INFO: Detected default resource location "classpath:sia/knights/KnightXMLInjectionTest-context.xml" for test class [sia.knights.KnightXMLInjectionTest]
Mar 05, 2025 6:36:26 PM org.springframework.test.context.support.AbstractDelegatingSmartContextLoader processContextConfiguration
INFO: GenericXmlContextLoader detected default locations for context configuration [ContextConfigurationAttributes@d86a6f declaringClass = 'sia.knights.KnightXMLInjectionTest', classes = '{}', locations = '{classpath:sia/knights/KnightXMLInjectionTest-context.xml}', inheritLocations = true, initializers = '{}', inheritInitializers = true, name = [null], contextLoaderClass = 'org.springframework.test.context.ContextLoader'].
Mar 05, 2025 6:36:26 PM org.springframework.test.context.support.AnnotationConfigContextLoaderUtils detectDefaultConfigurationClasses
INFO: Could not detect default configuration classes for test class [sia.knights.KnightXMLInjectionTest]: KnightXMLInjectionTest does not declare any static, non-private, non-final, nested classes annotated with @Configuration.
Mar 05, 2025 6:36:26 PM org.springframework.test.context.support.AbstractTestContextBootstrapper getDefaultTestExecutionListenerClassNames
INFO: Loaded default TestExecutionListener class names from location [META-INF/spring.factories]: [org.springframework.test.context.web.ServletTestExecutionListener, org.springframework.test.context.support.DirtiesContextBeforeModesTestExecutionListener, org.springframework.test.context.event.ApplicationEventsTestExecutionListener, org.springframework.test.context.support.DependencyInjectionTestExecutionListener, org.springframework.test.context.support.DirtiesContextTestExecutionListener, org.springframework.test.context.transaction.TransactionalTestExecutionListener, org.springframework.test.context.jdbc.SqlScriptsTestExecutionListener, org.springframework.test.context.event.EventPublishingTestExecutionListener]
Mar 05, 2025 6:36:26 PM org.springframework.test.context.support.AbstractTestContextBootstrapper getTestExecutionListeners
INFO: Using TestExecutionListeners: [org.springframework.test.context.support.DirtiesContextBeforeModesTestExecutionListener@3e27aa33, org.springframework.test.context.event.ApplicationEventsTestExecutionListener@2e385cce, org.springframework.test.context.support.DependencyInjectionTestExecutionListener@2ddc9a9f, org.springframework.test.context.support.DirtiesContextTestExecutionListener@298a5e20, org.springframework.test.context.event.EventPublishingTestExecutionListener@2a7f1f10]
]]></system-err>
  </testcase>
</testsuite>